<?xml version="1.0" encoding="UTF-8"?>
<!-- Generated by org.testng.reporters.JUnitXMLReporter -->
<testsuite ignored="0" hostname="DCSLAP300" failures="0" tests="3" name="Default test" time="0.063" errors="0" timestamp="2025-11-26T17:26:24 IST">
  <testcase classname="com.pratice.TestNG.Class.PraticeClassOne" name="TestOne" time="0.006"/>
  <testcase classname="com.pratice.TestNG.Class.PraticeClassOne" name="TestThree" time="0.002"/>
  <testcase classname="com.pratice.TestNG.Class.PraticeClassOne" name="TestTwo" time="0.002"/>
</testsuite> <!-- Default test -->
