<?xml version="1.0" encoding="UTF-8"?>
<testng-results ignored="0" total="1" passed="1" failed="0" skipped="0">
  <reporter-output>
  </reporter-output>
  <suite started-at="2026-01-29T17:26:03 IST" name="Login Suite" finished-at="2026-01-29T17:26:13 IST" duration-ms="10665">
    <groups>
    </groups>
    <test started-at="2026-01-29T17:26:03 IST" name="LoginPage Test" finished-at="2026-01-29T17:26:13 IST" duration-ms="10665">
      <class name="com.OrangeHRM.test.LoginPageTest">
        <test-method is-config="true" signature="beforeSuite()[pri:0, instance:com.OrangeHRM.test.LoginPageTest@587e5365]" started-at="2026-01-29T17:26:02 IST" name="beforeSuite" finished-at="2026-01-29T17:26:03 IST" duration-ms="176" status="PASS">
          <reporter-output>
          </reporter-output>
        </test-method> <!-- beforeSuite -->
        <test-method is-config="true" signature="setUpBrowser(java.lang.String)[pri:0, instance:com.OrangeHRM.test.LoginPageTest@587e5365]" started-at="2026-01-29T17:26:03 IST" name="setUpBrowser" finished-at="2026-01-29T17:26:05 IST" duration-ms="2396" status="PASS">
          <params>
            <param index="0">
              <value>
                <![CDATA[Chrome]]>
              </value>
            </param>
          </params>
          <reporter-output>
          </reporter-output>
        </test-method> <!-- setUpBrowser -->
        <test-method signature="VerifyLoginPage()[pri:0, instance:com.OrangeHRM.test.LoginPageTest@587e5365]" started-at="2026-01-29T17:26:05 IST" name="VerifyLoginPage" finished-at="2026-01-29T17:26:13 IST" duration-ms="7998" status="PASS">
          <reporter-output>
          </reporter-output>
        </test-method> <!-- VerifyLoginPage -->
        <test-method is-config="true" signature="CloseDriver()[pri:0, instance:com.OrangeHRM.test.LoginPageTest@587e5365]" started-at="2026-01-29T17:26:13 IST" name="CloseDriver" finished-at="2026-01-29T17:26:13 IST" duration-ms="242" status="PASS">
          <reporter-output>
          </reporter-output>
        </test-method> <!-- CloseDriver -->
        <test-method is-config="true" signature="afterSuite()[pri:0, instance:com.OrangeHRM.test.LoginPageTest@587e5365]" started-at="2026-01-29T17:26:13 IST" name="afterSuite" finished-at="2026-01-29T17:26:14 IST" duration-ms="268" status="PASS">
          <reporter-output>
          </reporter-output>
        </test-method> <!-- afterSuite -->
      </class> <!-- com.OrangeHRM.test.LoginPageTest -->
    </test> <!-- LoginPage Test -->
  </suite> <!-- Login Suite -->
</testng-results>
