<?xml version="1.0" encoding="UTF-8"?>
<testng-results ignored="0" total="1" passed="0" failed="1" skipped="0">
  <reporter-output>
  </reporter-output>
  <suite started-at="2026-01-05T06:17:31 IST" name="Login Suite" finished-at="2026-01-05T06:17:33 IST" duration-ms="2337">
    <groups>
    </groups>
    <test started-at="2026-01-05T06:17:31 IST" name="LoginPage Test" finished-at="2026-01-05T06:17:33 IST" duration-ms="2337">
      <class name="com.OrangeHRM.test.LoginPageTest">
        <test-method is-config="true" signature="setUpBrowser(java.lang.String)[pri:0, instance:com.OrangeHRM.test.LoginPageTest@408d971b]" started-at="2026-01-05T06:17:31 IST" name="setUpBrowser" finished-at="2026-01-05T06:17:33 IST" duration-ms="1857" status="PASS">
          <params>
            <param index="0">
              <value>
                <![CDATA[Chrome]]>
              </value>
            </param>
          </params>
          <reporter-output>
          </reporter-output>
        </test-method> <!-- setUpBrowser -->
        <test-method signature="VerifyLoginPage()[pri:0, instance:com.OrangeHRM.test.LoginPageTest@408d971b]" started-at="2026-01-05T06:17:33 IST" name="VerifyLoginPage" finished-at="2026-01-05T06:17:33 IST" duration-ms="51" status="FAIL">
          <exception class="java.lang.NullPointerException">
            <message>
              <![CDATA[Cannot invoke "org.openqa.selenium.WebDriver.get(String)" because "com.OrnageHRM.web.commons.WebCommons.driver" is null]]>
            </message>
            <full-stacktrace>
              <![CDATA[java.lang.NullPointerException: Cannot invoke "org.openqa.selenium.WebDriver.get(String)" because "com.OrnageHRM.web.commons.WebCommons.driver" is null
at com.OrnageHRM.web.commons.WebCommons.navigateToURL(WebCommons.java:30)
at com.OrangeHRM.Steps.LoginPageSteps.loginpageSteps(LoginPageSteps.java:15)
at com.OrangeHRM.test.LoginPageTest.VerifyLoginPage(LoginPageTest.java:15)
at java.base/jdk.internal.reflect.DirectMethodHandleAccessor.invoke(DirectMethodHandleAccessor.java:103)
at java.base/java.lang.reflect.Method.invoke(Method.java:580)
at org.testng.internal.invokers.MethodInvocationHelper.invokeMethod(MethodInvocationHelper.java:141)
at org.testng.internal.invokers.TestInvoker.invokeMethod(TestInvoker.java:687)
at org.testng.internal.invokers.TestInvoker.invokeTestMethod(TestInvoker.java:230)
at org.testng.internal.invokers.MethodRunner.runInSequence(MethodRunner.java:63)
at org.testng.internal.invokers.TestInvoker$MethodInvocationAgent.invoke(TestInvoker.java:995)
at org.testng.internal.invokers.TestInvoker.invokeTestMethods(TestInvoker.java:203)
at org.testng.internal.invokers.TestMethodWorker.invokeTestMethods(TestMethodWorker.java:154)
at org.testng.internal.invokers.TestMethodWorker.run(TestMethodWorker.java:134)
at java.base/java.util.ArrayList.forEach(ArrayList.java:1596)
at org.testng.TestRunner.privateRun(TestRunner.java:741)
at org.testng.TestRunner.run(TestRunner.java:616)
at org.testng.SuiteRunner.runTest(SuiteRunner.java:421)
at org.testng.SuiteRunner.runSequentially(SuiteRunner.java:413)
at org.testng.SuiteRunner.privateRun(SuiteRunner.java:373)
at org.testng.SuiteRunner.run(SuiteRunner.java:312)
at org.testng.SuiteRunnerWorker.runSuite(SuiteRunnerWorker.java:52)
at org.testng.SuiteRunnerWorker.run(SuiteRunnerWorker.java:95)
at org.testng.TestNG.runSuitesSequentially(TestNG.java:1274)
at org.testng.TestNG.runSuitesLocally(TestNG.java:1208)
at org.testng.TestNG.runSuites(TestNG.java:1112)
at org.testng.TestNG.run(TestNG.java:1079)
at org.testng.remote.AbstractRemoteTestNG.run(AbstractRemoteTestNG.java:115)
at org.testng.remote.RemoteTestNG.initAndRun(RemoteTestNG.java:293)
at org.testng.remote.RemoteTestNG.main(RemoteTestNG.java:91)
]]>
            </full-stacktrace>
          </exception> <!-- java.lang.NullPointerException -->
          <reporter-output>
          </reporter-output>
        </test-method> <!-- VerifyLoginPage -->
        <test-method is-config="true" signature="CloseDriver()[pri:0, instance:com.OrangeHRM.test.LoginPageTest@408d971b]" started-at="2026-01-05T06:17:33 IST" name="CloseDriver" finished-at="2026-01-05T06:17:33 IST" duration-ms="385" status="PASS">
          <reporter-output>
          </reporter-output>
        </test-method> <!-- CloseDriver -->
      </class> <!-- com.OrangeHRM.test.LoginPageTest -->
    </test> <!-- LoginPage Test -->
  </suite> <!-- Login Suite -->
</testng-results>
