<?xml version="1.0" encoding="UTF-8"?>
<testng-results ignored="0" total="2" passed="2" failed="0" skipped="0">
  <reporter-output>
  </reporter-output>
  <suite started-at="2026-02-02T06:43:20 IST" name="Login Suite" finished-at="2026-02-02T06:43:35 IST" duration-ms="15659">
    <groups>
    </groups>
    <test started-at="2026-02-02T06:43:20 IST" name="LoginPage Test" finished-at="2026-02-02T06:43:35 IST" duration-ms="15659">
      <class name="com.OrangeHRM.test.LoginPageTest">
        <test-method is-config="true" signature="beforeSuite()[pri:0, instance:com.OrangeHRM.test.LoginPageTest@5aa9e4eb]" started-at="2026-02-02T06:43:19 IST" name="beforeSuite" finished-at="2026-02-02T06:43:20 IST" duration-ms="344" status="PASS">
          <reporter-output>
          </reporter-output>
        </test-method> <!-- beforeSuite -->
        <test-method is-config="true" signature="setUpBrowser(java.lang.String)[pri:0, instance:com.OrangeHRM.test.LoginPageTest@5aa9e4eb]" started-at="2026-02-02T06:43:20 IST" name="setUpBrowser" finished-at="2026-02-02T06:43:26 IST" duration-ms="6592" status="PASS">
          <params>
            <param index="0">
              <value>
                <![CDATA[Chrome]]>
              </value>
            </param>
          </params>
          <reporter-output>
          </reporter-output>
        </test-method> <!-- setUpBrowser -->
        <test-method signature="VerifyLoginPage()[pri:0, instance:com.OrangeHRM.test.LoginPageTest@5aa9e4eb]" started-at="2026-02-02T06:43:26 IST" name="VerifyLoginPage" finished-at="2026-02-02T06:43:33 IST" duration-ms="7295" status="PASS">
          <reporter-output>
          </reporter-output>
        </test-method> <!-- VerifyLoginPage -->
        <test-method signature="verifyLoginPageElements()[pri:0, instance:com.OrangeHRM.test.LoginPageTest@5aa9e4eb]" started-at="2026-02-02T06:43:33 IST" name="verifyLoginPageElements" finished-at="2026-02-02T06:43:35 IST" depends-on-methods="com.OrangeHRM.test.LoginPageTest.VerifyLoginPage" duration-ms="1305" status="PASS">
          <reporter-output>
          </reporter-output>
        </test-method> <!-- verifyLoginPageElements -->
        <test-method is-config="true" signature="CloseDriver()[pri:0, instance:com.OrangeHRM.test.LoginPageTest@5aa9e4eb]" started-at="2026-02-02T06:43:35 IST" name="CloseDriver" finished-at="2026-02-02T06:43:35 IST" duration-ms="416" status="PASS">
          <reporter-output>
          </reporter-output>
        </test-method> <!-- CloseDriver -->
        <test-method is-config="true" signature="afterSuite()[pri:0, instance:com.OrangeHRM.test.LoginPageTest@5aa9e4eb]" started-at="2026-02-02T06:43:35 IST" name="afterSuite" finished-at="2026-02-02T06:43:36 IST" duration-ms="524" status="PASS">
          <reporter-output>
          </reporter-output>
        </test-method> <!-- afterSuite -->
      </class> <!-- com.OrangeHRM.test.LoginPageTest -->
    </test> <!-- LoginPage Test -->
  </suite> <!-- Login Suite -->
</testng-results>
