<?xml version="1.0" encoding="UTF-8"?>
<testng-results ignored="0" total="1" passed="0" failed="1" skipped="0">
  <reporter-output>
  </reporter-output>
  <suite started-at="2026-01-28T17:33:30 IST" name="Login Suite" finished-at="2026-01-28T17:33:43 IST" duration-ms="13290">
    <groups>
    </groups>
    <test started-at="2026-01-28T17:33:30 IST" name="LoginPage Test" finished-at="2026-01-28T17:33:43 IST" duration-ms="13290">
      <class name="com.OrangeHRM.test.LoginPageTest">
        <test-method is-config="true" signature="beforeSuite()[pri:0, instance:com.OrangeHRM.test.LoginPageTest@7dc0f706]" started-at="2026-01-28T17:33:29 IST" name="beforeSuite" finished-at="2026-01-28T17:33:30 IST" duration-ms="178" status="PASS">
          <reporter-output>
          </reporter-output>
        </test-method> <!-- beforeSuite -->
        <test-method is-config="true" signature="setUpBrowser(java.lang.String)[pri:0, instance:com.OrangeHRM.test.LoginPageTest@7dc0f706]" started-at="2026-01-28T17:33:30 IST" name="setUpBrowser" finished-at="2026-01-28T17:33:31 IST" duration-ms="1588" status="PASS">
          <params>
            <param index="0">
              <value>
                <![CDATA[Chrome]]>
              </value>
            </param>
          </params>
          <reporter-output>
          </reporter-output>
        </test-method> <!-- setUpBrowser -->
        <test-method is-config="true" signature="beforeMethod(java.lang.reflect.Method)[pri:0, instance:com.OrangeHRM.test.LoginPageTest@7dc0f706]" started-at="2026-01-28T17:33:31 IST" name="beforeMethod" finished-at="2026-01-28T17:33:31 IST" duration-ms="11" status="PASS">
          <params>
            <param index="0">
              <value>
                <![CDATA[public void com.OrangeHRM.test.LoginPageTest.VerifyLoginPage() throws java.io.IOException]]>
              </value>
            </param>
          </params>
          <reporter-output>
          </reporter-output>
        </test-method> <!-- beforeMethod -->
        <test-method signature="VerifyLoginPage()[pri:0, instance:com.OrangeHRM.test.LoginPageTest@7dc0f706]" started-at="2026-01-28T17:33:31 IST" name="VerifyLoginPage" finished-at="2026-01-28T17:33:43 IST" duration-ms="11360" status="FAIL">
          <exception class="java.io.FileNotFoundException">
            <message>
              <![CDATA[Source 'C:\Users\DEVELO~1\AppData\Local\Temp\screenshot11675794685759697572.png' does not exist]]>
            </message>
            <full-stacktrace>
              <![CDATA[java.io.FileNotFoundException: Source 'C:\Users\DEVELO~1\AppData\Local\Temp\screenshot11675794685759697572.png' does not exist
at org.apache.commons.io.FileUtils.checkFileExists(FileUtils.java:301)
at org.apache.commons.io.FileUtils.copyFile(FileUtils.java:850)
at org.apache.commons.io.FileUtils.copyFile(FileUtils.java:886)
at org.apache.commons.io.FileUtils.copyFile(FileUtils.java:785)
at com.OrnageHRM.web.commons.WebCommons.CaptureScreenShot(WebCommons.java:104)
at com.OrnageHRM.web.commons.WebCommons.addScreenShort(WebCommons.java:125)
at com.OrangeHRM.Steps.LoginPageSteps.CaptureLoginPage(LoginPageSteps.java:22)
at com.OrangeHRM.test.LoginPageTest.VerifyLoginPage(LoginPageTest.java:17)
at java.base/jdk.internal.reflect.DirectMethodHandleAccessor.invoke(DirectMethodHandleAccessor.java:103)
at java.base/java.lang.reflect.Method.invoke(Method.java:580)
at org.testng.internal.invokers.MethodInvocationHelper.invokeMethod(MethodInvocationHelper.java:141)
at org.testng.internal.invokers.TestInvoker.invokeMethod(TestInvoker.java:687)
at org.testng.internal.invokers.TestInvoker.invokeTestMethod(TestInvoker.java:230)
at org.testng.internal.invokers.MethodRunner.runInSequence(MethodRunner.java:63)
at org.testng.internal.invokers.TestInvoker$MethodInvocationAgent.invoke(TestInvoker.java:995)
at org.testng.internal.invokers.TestInvoker.invokeTestMethods(TestInvoker.java:203)
at org.testng.internal.invokers.TestMethodWorker.invokeTestMethods(TestMethodWorker.java:154)
at org.testng.internal.invokers.TestMethodWorker.run(TestMethodWorker.java:134)
at java.base/java.util.ArrayList.forEach(ArrayList.java:1597)
at org.testng.TestRunner.privateRun(TestRunner.java:741)
at org.testng.TestRunner.run(TestRunner.java:616)
at org.testng.SuiteRunner.runTest(SuiteRunner.java:421)
at org.testng.SuiteRunner.runSequentially(SuiteRunner.java:413)
at org.testng.SuiteRunner.privateRun(SuiteRunner.java:373)
at org.testng.SuiteRunner.run(SuiteRunner.java:312)
at org.testng.SuiteRunnerWorker.runSuite(SuiteRunnerWorker.java:52)
at org.testng.SuiteRunnerWorker.run(SuiteRunnerWorker.java:95)
at org.testng.TestNG.runSuitesSequentially(TestNG.java:1274)
at org.testng.TestNG.runSuitesLocally(TestNG.java:1208)
at org.testng.TestNG.runSuites(TestNG.java:1112)
at org.testng.TestNG.run(TestNG.java:1079)
at org.testng.remote.AbstractRemoteTestNG.run(AbstractRemoteTestNG.java:115)
at org.testng.remote.RemoteTestNG.initAndRun(RemoteTestNG.java:293)
at org.testng.remote.RemoteTestNG.main(RemoteTestNG.java:91)
]]>
            </full-stacktrace>
          </exception> <!-- java.io.FileNotFoundException -->
          <reporter-output>
          </reporter-output>
        </test-method> <!-- VerifyLoginPage -->
        <test-method is-config="true" signature="CloseDriver()[pri:0, instance:com.OrangeHRM.test.LoginPageTest@7dc0f706]" started-at="2026-01-28T17:33:43 IST" name="CloseDriver" finished-at="2026-01-28T17:33:43 IST" duration-ms="297" status="PASS">
          <reporter-output>
          </reporter-output>
        </test-method> <!-- CloseDriver -->
        <test-method is-config="true" signature="afterSuite()[pri:0, instance:com.OrangeHRM.test.LoginPageTest@7dc0f706]" started-at="2026-01-28T17:33:43 IST" name="afterSuite" finished-at="2026-01-28T17:33:43 IST" duration-ms="318" status="PASS">
          <reporter-output>
          </reporter-output>
        </test-method> <!-- afterSuite -->
      </class> <!-- com.OrangeHRM.test.LoginPageTest -->
    </test> <!-- LoginPage Test -->
  </suite> <!-- Login Suite -->
</testng-results>
