<?xml version="1.0" encoding="UTF-8"?>
<testng-results ignored="0" total="3" passed="3" failed="0" skipped="0">
  <reporter-output>
  </reporter-output>
  <suite started-at="2025-11-26T17:26:24 IST" name="Default suite" finished-at="2025-11-26T17:26:24 IST" duration-ms="63">
    <groups>
    </groups>
    <test started-at="2025-11-26T17:26:24 IST" name="Default test" finished-at="2025-11-26T17:26:24 IST" duration-ms="63">
      <class name="com.pratice.TestNG.Class.PraticeClassOne">
        <test-method is-config="true" signature="beforeTest()[pri:0, instance:com.pratice.TestNG.Class.PraticeClassOne@bccb269]" started-at="2025-11-26T17:26:24 IST" name="beforeTest" finished-at="2025-11-26T17:26:24 IST" duration-ms="11" status="PASS">
          <reporter-output>
          </reporter-output>
        </test-method> <!-- beforeTest -->
        <test-method is-config="true" signature="beforeClass()[pri:0, instance:com.pratice.TestNG.Class.PraticeClassOne@bccb269]" started-at="2025-11-26T17:26:24 IST" name="beforeClass" finished-at="2025-11-26T17:26:24 IST" duration-ms="0" status="PASS">
          <reporter-output>
          </reporter-output>
        </test-method> <!-- beforeClass -->
        <test-method is-config="true" signature="beforeMethod()[pri:0, instance:com.pratice.TestNG.Class.PraticeClassOne@bccb269]" started-at="2025-11-26T17:26:24 IST" name="beforeMethod" finished-at="2025-11-26T17:26:24 IST" duration-ms="1" status="PASS">
          <reporter-output>
          </reporter-output>
        </test-method> <!-- beforeMethod -->
        <test-method signature="TestOne()[pri:0, instance:com.pratice.TestNG.Class.PraticeClassOne@bccb269]" started-at="2025-11-26T17:26:24 IST" name="TestOne" finished-at="2025-11-26T17:26:24 IST" duration-ms="6" status="PASS">
          <reporter-output>
          </reporter-output>
        </test-method> <!-- TestOne -->
        <test-method is-config="true" signature="afterMethod()[pri:0, instance:com.pratice.TestNG.Class.PraticeClassOne@bccb269]" started-at="2025-11-26T17:26:24 IST" name="afterMethod" finished-at="2025-11-26T17:26:24 IST" duration-ms="0" status="PASS">
          <reporter-output>
          </reporter-output>
        </test-method> <!-- afterMethod -->
        <test-method is-config="true" signature="beforeMethod()[pri:0, instance:com.pratice.TestNG.Class.PraticeClassOne@bccb269]" started-at="2025-11-26T17:26:24 IST" name="beforeMethod" finished-at="2025-11-26T17:26:24 IST" duration-ms="1" status="PASS">
          <reporter-output>
          </reporter-output>
        </test-method> <!-- beforeMethod -->
        <test-method signature="TestThree()[pri:0, instance:com.pratice.TestNG.Class.PraticeClassOne@bccb269]" started-at="2025-11-26T17:26:24 IST" name="TestThree" finished-at="2025-11-26T17:26:24 IST" duration-ms="2" status="PASS">
          <reporter-output>
          </reporter-output>
        </test-method> <!-- TestThree -->
        <test-method is-config="true" signature="afterMethod()[pri:0, instance:com.pratice.TestNG.Class.PraticeClassOne@bccb269]" started-at="2025-11-26T17:26:24 IST" name="afterMethod" finished-at="2025-11-26T17:26:24 IST" duration-ms="0" status="PASS">
          <reporter-output>
          </reporter-output>
        </test-method> <!-- afterMethod -->
        <test-method is-config="true" signature="beforeMethod()[pri:0, instance:com.pratice.TestNG.Class.PraticeClassOne@bccb269]" started-at="2025-11-26T17:26:24 IST" name="beforeMethod" finished-at="2025-11-26T17:26:24 IST" duration-ms="0" status="PASS">
          <reporter-output>
          </reporter-output>
        </test-method> <!-- beforeMethod -->
        <test-method signature="TestTwo()[pri:0, instance:com.pratice.TestNG.Class.PraticeClassOne@bccb269]" started-at="2025-11-26T17:26:24 IST" name="TestTwo" finished-at="2025-11-26T17:26:24 IST" duration-ms="2" status="PASS">
          <reporter-output>
          </reporter-output>
        </test-method> <!-- TestTwo -->
        <test-method is-config="true" signature="afterMethod()[pri:0, instance:com.pratice.TestNG.Class.PraticeClassOne@bccb269]" started-at="2025-11-26T17:26:24 IST" name="afterMethod" finished-at="2025-11-26T17:26:24 IST" duration-ms="0" status="PASS">
          <reporter-output>
          </reporter-output>
        </test-method> <!-- afterMethod -->
        <test-method is-config="true" signature="afterClass()[pri:0, instance:com.pratice.TestNG.Class.PraticeClassOne@bccb269]" started-at="2025-11-26T17:26:24 IST" name="afterClass" finished-at="2025-11-26T17:26:24 IST" duration-ms="0" status="PASS">
          <reporter-output>
          </reporter-output>
        </test-method> <!-- afterClass -->
        <test-method is-config="true" signature="afterTest()[pri:0, instance:com.pratice.TestNG.Class.PraticeClassOne@bccb269]" started-at="2025-11-26T17:26:24 IST" name="afterTest" finished-at="2025-11-26T17:26:24 IST" duration-ms="0" status="PASS">
          <reporter-output>
          </reporter-output>
        </test-method> <!-- afterTest -->
      </class> <!-- com.pratice.TestNG.Class.PraticeClassOne -->
    </test> <!-- Default test -->
  </suite> <!-- Default suite -->
</testng-results>
