<?xml version="1.0" encoding="UTF-8"?>
<testng-results ignored="0" total="2" passed="2" failed="0" skipped="0">
  <reporter-output>
  </reporter-output>
  <suite started-at="2026-01-30T16:55:33 IST" name="Login Suite" finished-at="2026-01-30T16:55:42 IST" duration-ms="9321">
    <groups>
    </groups>
    <test started-at="2026-01-30T16:55:33 IST" name="LoginPage Test" finished-at="2026-01-30T16:55:42 IST" duration-ms="9321">
      <class name="com.OrangeHRM.test.LoginPageTest">
        <test-method is-config="true" signature="beforeSuite()[pri:0, instance:com.OrangeHRM.test.LoginPageTest@587e5365]" started-at="2026-01-30T16:55:33 IST" name="beforeSuite" finished-at="2026-01-30T16:55:33 IST" duration-ms="169" status="PASS">
          <reporter-output>
          </reporter-output>
        </test-method> <!-- beforeSuite -->
        <test-method is-config="true" signature="setUpBrowser(java.lang.String)[pri:0, instance:com.OrangeHRM.test.LoginPageTest@587e5365]" started-at="2026-01-30T16:55:33 IST" name="setUpBrowser" finished-at="2026-01-30T16:55:34 IST" duration-ms="1574" status="PASS">
          <params>
            <param index="0">
              <value>
                <![CDATA[Chrome]]>
              </value>
            </param>
          </params>
          <reporter-output>
          </reporter-output>
        </test-method> <!-- setUpBrowser -->
        <test-method signature="VerifyLoginPage()[pri:0, instance:com.OrangeHRM.test.LoginPageTest@587e5365]" started-at="2026-01-30T16:55:34 IST" name="VerifyLoginPage" finished-at="2026-01-30T16:55:41 IST" duration-ms="6263" status="PASS">
          <reporter-output>
          </reporter-output>
        </test-method> <!-- VerifyLoginPage -->
        <test-method signature="verifyLoginPageElements()[pri:0, instance:com.OrangeHRM.test.LoginPageTest@587e5365]" started-at="2026-01-30T16:55:41 IST" name="verifyLoginPageElements" finished-at="2026-01-30T16:55:42 IST" depends-on-methods="com.OrangeHRM.test.LoginPageTest.VerifyLoginPage" duration-ms="1232" status="PASS">
          <reporter-output>
          </reporter-output>
        </test-method> <!-- verifyLoginPageElements -->
        <test-method is-config="true" signature="CloseDriver()[pri:0, instance:com.OrangeHRM.test.LoginPageTest@587e5365]" started-at="2026-01-30T16:55:42 IST" name="CloseDriver" finished-at="2026-01-30T16:55:42 IST" duration-ms="219" status="PASS">
          <reporter-output>
          </reporter-output>
        </test-method> <!-- CloseDriver -->
        <test-method is-config="true" signature="afterSuite()[pri:0, instance:com.OrangeHRM.test.LoginPageTest@587e5365]" started-at="2026-01-30T16:55:42 IST" name="afterSuite" finished-at="2026-01-30T16:55:42 IST" duration-ms="244" status="PASS">
          <reporter-output>
          </reporter-output>
        </test-method> <!-- afterSuite -->
      </class> <!-- com.OrangeHRM.test.LoginPageTest -->
    </test> <!-- LoginPage Test -->
  </suite> <!-- Login Suite -->
</testng-results>
