<?xml version="1.0" encoding="UTF-8"?>
<!-- Generated by org.testng.reporters.JUnitReportReporter -->
<testsuite hostname="DCSLAP300" failures="0" tests="2" name="com.OrangeHRM.test.LoginPageTest" time="7.495" errors="0" timestamp="2026-01-30T16:55:43 IST" skipped="0">
  <testcase classname="com.OrangeHRM.test.LoginPageTest" name="VerifyLoginPage" time="6.263"/>
  <testcase classname="com.OrangeHRM.test.LoginPageTest" name="verifyLoginPageElements" time="1.232"/>
</testsuite> <!-- com.OrangeHRM.test.LoginPageTest -->
