<?xml version="1.0" encoding="UTF-8"?>
<!-- Generated by org.testng.reporters.JUnitReportReporter -->
<testsuite hostname="SIVAGURUVVV" failures="0" tests="2" name="com.OrangeHRM.test.LoginPageTest" time="8.600" errors="0" timestamp="2026-02-02T06:43:36 IST" skipped="0">
  <testcase classname="com.OrangeHRM.test.LoginPageTest" name="verifyLoginPageElements" time="1.305"/>
  <testcase classname="com.OrangeHRM.test.LoginPageTest" name="VerifyLoginPage" time="7.295"/>
</testsuite> <!-- com.OrangeHRM.test.LoginPageTest -->
