<?xml version="1.0" encoding="UTF-8"?>
<!-- Generated by org.testng.reporters.JUnitReportReporter -->
<testsuite hostname="DCSLAP300" failures="0" tests="3" name="com.pratice.TestNG.Class.PraticeClassOne" time="0.012" errors="0" timestamp="2025-11-26T17:26:24 IST" skipped="0">
  <testcase classname="com.pratice.TestNG.Class.PraticeClassOne" name="TestTwo" time="0.003"/>
  <testcase classname="com.pratice.TestNG.Class.PraticeClassOne" name="TestThree" time="0.003"/>
  <testcase classname="com.pratice.TestNG.Class.PraticeClassOne" name="TestOne" time="0.006"/>
</testsuite> <!-- com.pratice.TestNG.Class.PraticeClassOne -->
