<?xml version="1.0" encoding="UTF-8"?>
<!-- Generated by org.testng.reporters.JUnitXMLReporter -->
<testsuite ignored="0" hostname="DCSLAP300" failures="0" tests="1" name="LoginPage Test" time="3.394" errors="0" timestamp="2026-01-28T15:38:37 IST">
  <testcase classname="com.OrangeHRM.test.LoginPageTest" name="@BeforeMethod createReport" time="0.007">
    <failure type="java.lang.NullPointerException" message="Cannot invoke &amp;quot;com.aventstack.extentreports.ExtentReports.createTest(String)&amp;quot; because &amp;quot;com.OrangeHRM.Reports.Report.report&amp;quot; is null">
      <![CDATA[java.lang.NullPointerException: Cannot invoke "com.aventstack.extentreports.ExtentReports.createTest(String)" because "com.OrangeHRM.Reports.Report.report" is null
at com.OrangeHRM.Reports.Report.startReporting(Report.java:25)
at com.OrangeHRM.test.LoginPageTest.createReport(LoginPageTest.java:19)
at java.base/java.util.ArrayList.forEach(ArrayList.java:1597)
... Removed 29 stack frames]]>
    </failure>
  </testcase> <!-- @BeforeMethod createReport -->
  <testcase classname="com.OrangeHRM.test.LoginPageTest" name="VerifyLoginPage" time="0.0">
    <skipped/>
  </testcase> <!-- VerifyLoginPage -->
</testsuite> <!-- LoginPage Test -->
