<?xml version="1.0" encoding="UTF-8"?>
<!-- Generated by org.testng.reporters.JUnitXMLReporter -->
<testsuite ignored="0" hostname="DCSLAP300" failures="1" tests="1" name="LoginPage Test" time="13.29" errors="0" timestamp="2026-01-28T17:33:43 IST">
  <testcase classname="com.OrangeHRM.test.LoginPageTest" name="VerifyLoginPage" time="11.36">
    <failure type="java.io.FileNotFoundException" message="Source &amp;apos;C:\Users\DEVELO~1\AppData\Local\Temp\screenshot11675794685759697572.png&amp;apos; does not exist">
      <![CDATA[java.io.FileNotFoundException: Source 'C:\Users\DEVELO~1\AppData\Local\Temp\screenshot11675794685759697572.png' does not exist
at org.apache.commons.io.FileUtils.checkFileExists(FileUtils.java:301)
at org.apache.commons.io.FileUtils.copyFile(FileUtils.java:850)
at org.apache.commons.io.FileUtils.copyFile(FileUtils.java:886)
at org.apache.commons.io.FileUtils.copyFile(FileUtils.java:785)
at com.OrnageHRM.web.commons.WebCommons.CaptureScreenShot(WebCommons.java:104)
at com.OrnageHRM.web.commons.WebCommons.addScreenShort(WebCommons.java:125)
at com.OrangeHRM.Steps.LoginPageSteps.CaptureLoginPage(LoginPageSteps.java:22)
at com.OrangeHRM.test.LoginPageTest.VerifyLoginPage(LoginPageTest.java:17)
at java.base/java.util.ArrayList.forEach(ArrayList.java:1597)
... Removed 25 stack frames]]>
    </failure>
  </testcase> <!-- VerifyLoginPage -->
</testsuite> <!-- LoginPage Test -->
